[Sat, 23 Oct 2021 10:35:37] INFO [json-compare2.py.main:65] Logging to reports/logs\2021_10_23-10_35_37.log
[Sat, 23 Oct 2021 10:35:37] INFO [json-compare2.py.main:68] Reindentation...
[Sat, 23 Oct 2021 10:35:37] INFO [json-compare2.py.main:71] Writting output JSON files: reports/2.4.7/annotationtest_cmp.json reports/2.4.8.2/annotationtest_cmp.json
[Sat, 23 Oct 2021 10:35:40] INFO [json-compare2.py.main:76] Size comparison...
[Sat, 23 Oct 2021 10:35:40] INFO [json-compare2.py.main:79] JSON sizes match? False 70283 70626
[Sat, 23 Oct 2021 10:35:40] INFO [json-compare2.py.main:82] Line count comparison...
[Sat, 23 Oct 2021 10:35:40] INFO [json-compare2.py.main:85] JSON line count match? False 2188 2195
[Sat, 23 Oct 2021 10:35:40] INFO [json-compare2.py.main:88] Sorting jsons...
[Sat, 23 Oct 2021 10:35:40] INFO [json-compare2.py.main:89] Writting output JSON files: reports/2.4.7/annotationtest_cmp.json reports/2.4.8.2/annotationtest_cmp.json
[Sat, 23 Oct 2021 10:35:40] INFO [json-compare2.py.main:92] JSON's # reorders: 2 2
[Sat, 23 Oct 2021 10:35:40] INFO [json-compare2.py.main:95] Contents comparison...
[Sat, 23 Oct 2021 10:35:40] INFO [json-compare2.py.main:98] JSON contents match? False
[Sat, 23 Oct 2021 10:35:40] INFO [json-compare2.py.main:101] Number of different keys: 1
[Sat, 23 Oct 2021 10:35:40] INFO [json-compare2.py.main:104] Ordered lines comparison...
[Sat, 23 Oct 2021 10:35:40] INFO [json-compare2.py.main:109] Writting output TXT files: reports/2.4.7/annotationtest_cmp.txt reports/2.4.8.2/annotationtest_cmp.txt
[Sat, 23 Oct 2021 10:35:40] INFO [json-compare2.py.main:113] JSON ordered lines match? False
[Sat, 23 Oct 2021 10:35:40] INFO [json-compare2.py.main:116] Number of equal ordered lines:1607/2195
[Sat, 23 Oct 2021 10:35:40] INFO [json-compare2.py.main:132] Writting output key difference report: reports/logs\2021_10_23-10_35_37.json
[Sat, 23 Oct 2021 10:35:40] INFO [json-compare2.py.main:136] Key difference contents:
[Sat, 23 Oct 2021 10:35:40] INFO [json-compare2.py.main:139]  - classMetric: 2/18
[Sat, 23 Oct 2021 10:35:40] INFO [json-compare2.py.main:139]  - aedValue: 2/70
[Sat, 23 Oct 2021 10:35:40] INFO [json-compare2.py.main:139]  - annotationMetrics: 2/70
[Sat, 23 Oct 2021 10:35:40] INFO [json-compare2.py.main:139]  - LOC: 2/2
[Sat, 23 Oct 2021 10:35:40] INFO [json-compare2.py.main:139]  - NEC: 2/2
[Sat, 23 Oct 2021 10:35:40] INFO [json-compare2.py.main:139]  - packages: 2/2
[Sat, 23 Oct 2021 10:35:40] INFO [json-compare2.py.main:139]  - elementsReport: 8/18
[Sat, 23 Oct 2021 10:35:40] INFO [json-compare2.py.main:139]  - results: 10/10
[Sat, 23 Oct 2021 10:35:40] INFO [json-compare2.py.main:139]  - type: 18/88
[Sat, 23 Oct 2021 10:35:40] INFO [json-compare2.py.main:139]  - sourceFilePath: 18/18
[Sat, 23 Oct 2021 10:35:40] INFO [json-compare2.py.main:139]  - sourceCodeLine: 56/70
