[Wed, 03 Nov 2021 21:02:18] INFO [json-compare2.py.main:70] Logging to 2021_11_03-21_02_18.log
[Wed, 03 Nov 2021 21:02:18] INFO [json-compare2.py.main:73] Reindentation...
[Wed, 03 Nov 2021 21:02:18] INFO [json-compare2.py.main:76] Writting output JSON files: reports/issue-12/master/spring-boot-SV_cmp.json reports/issue-12/fix/spring-boot-SV_cmp.json
[Wed, 03 Nov 2021 21:02:20] INFO [json-compare2.py.main:81] Size comparison...
[Wed, 03 Nov 2021 21:02:20] INFO [json-compare2.py.main:84] JSON sizes match? False 1226658 1226639
[Wed, 03 Nov 2021 21:02:20] INFO [json-compare2.py.main:87] Line count comparison...
[Wed, 03 Nov 2021 21:02:20] INFO [json-compare2.py.main:90] JSON line count match? False 36452 36451
[Wed, 03 Nov 2021 21:02:20] INFO [json-compare2.py.main:93] Sorting jsons...
[Wed, 03 Nov 2021 21:02:20] INFO [json-compare2.py.main:94] Writting output JSON files: reports/issue-12/master/spring-boot-SV_cmp.json reports/issue-12/fix/spring-boot-SV_cmp.json
[Wed, 03 Nov 2021 21:02:21] INFO [json-compare2.py.main:97] JSON's # reorders: 2 2
[Wed, 03 Nov 2021 21:02:21] INFO [json-compare2.py.main:100] Contents comparison...
[Wed, 03 Nov 2021 21:02:21] INFO [json-compare2.py.main:103] JSON contents match? False
[Wed, 03 Nov 2021 21:02:21] INFO [json-compare2.py.main:106] Number of different keys: 1
[Wed, 03 Nov 2021 21:02:21] INFO [json-compare2.py.main:109] Ordered lines comparison...
[Wed, 03 Nov 2021 21:02:21] INFO [json-compare2.py.main:114] Writting output TXT files: reports/issue-12/master/spring-boot-SV_cmp.txt reports/issue-12/fix/spring-boot-SV_cmp.txt
[Wed, 03 Nov 2021 21:02:21] INFO [json-compare2.py.main:118] JSON ordered lines match? False
[Wed, 03 Nov 2021 21:02:21] INFO [json-compare2.py.main:121] Number of equal ordered lines:35451/36452
[Wed, 03 Nov 2021 21:02:21] INFO [json-compare2.py.main:137] Writting output key difference report: 2021_11_03-21_02_18.json
[Wed, 03 Nov 2021 21:02:21] INFO [json-compare2.py.main:141] Key difference contents:
[Wed, 03 Nov 2021 21:02:21] INFO [json-compare2.py.main:144]  - _: 4/4
[Wed, 03 Nov 2021 21:02:21] INFO [json-compare2.py.main:144]  - type: 8/64
[Wed, 03 Nov 2021 21:02:21] INFO [json-compare2.py.main:144]  - children: 30/66
[Wed, 03 Nov 2021 21:02:21] INFO [json-compare2.py.main:144]  - value: 36/40
[Wed, 03 Nov 2021 21:02:21] INFO [json-compare2.py.main:144]  - name: 48/66
